# JRE version: Java(TM) SE Runtime Environment (21.0.8+12) (build 21.0.8+12-LTS-250)
# Java VM: Java HotSpot(TM) 64-Bit Server VM (21.0.8+12-LTS-250, mixed mode, sharing, tiered, compressed oops, compressed class ptrs, g1 gc, windows-amd64)
GC Precious Log:
 CardTable entry size: 512
 Card Set container configuration: InlinePtr #cards 4 size 8 Array Of Cards #cards 16 size 48 Howl #buckets 8 coarsen threshold 3686 Howl Bitmap #cards 512 size 80 coarsen threshold 460 Card regions per heap region 1 cards per card region 4096
 CPUs: 12 total, 12 available
 Memory: 15710M
 Large Page Support: Disabled
 NUMA Support: Disabled
 Compressed Oops: Enabled (Zero based)
 Heap Region Size: 2M
 Heap Min Capacity: 8M
 Heap Initial Capacity: 246M
 Heap Max Capacity: 3928M
 Pre-touch: Disabled
 Parallel Workers: 10
 Concurrent Workers: 3
 Concurrent Refinement Workers: 10
 Periodic GC: Disabled
Heap:
 garbage-first heap   total 61440K, used 30413K [0x000000070a800000, 0x0000000800000000)
  region size 2048K, 2 young (4096K), 2 survivors (4096K)
 Metaspace       used 40563K, committed 40896K, reserved 1114112K
  class space    used 4757K, committed 4864K, reserved 1048576K
GC Heap History (15 events):
Event: 1.019 GC heap before
{Heap before GC invocations=0 (full 0):
 garbage-first heap   total 251904K, used 24576K [0x000000070a800000, 0x0000000800000000)
  region size 2048K, 11 young (22528K), 0 survivors (0K)
 Metaspace       used 6443K, committed 6592K, reserved 1114112K
  class space    used 571K, committed 640K, reserved 1048576K
}
Event: 1.024 GC heap after
{Heap after GC invocations=1 (full 0):
 garbage-first heap   total 251904K, used 7168K [0x000000070a800000, 0x0000000800000000)
  region size 2048K, 2 young (4096K), 2 survivors (4096K)
 Metaspace       used 6443K, committed 6592K, reserved 1114112K
  class space    used 571K, committed 640K, reserved 1048576K
}
Event: 2.004 GC heap before
{Heap before GC invocations=1 (full 0):
 garbage-first heap   total 251904K, used 41984K [0x000000070a800000, 0x0000000800000000)
  region size 2048K, 19 young (38912K), 2 survivors (4096K)
 Metaspace       used 15961K, committed 16320K, reserved 1114112K
  class space    used 1694K, committed 1856K, reserved 1048576K
}
Event: 2.011 GC heap after
{Heap after GC invocations=2 (full 0):
 garbage-first heap   total 251904K, used 10067K [0x000000070a800000, 0x0000000800000000)
  region size 2048K, 3 young (6144K), 3 survivors (6144K)
 Metaspace       used 15961K, committed 16320K, reserved 1114112K
  class space    used 1694K, committed 1856K, reserved 1048576K
}
Event: 3.534 GC heap before
{Heap before GC invocations=2 (full 0):
 garbage-first heap   total 251904K, used 26451K [0x000000070a800000, 0x0000000800000000)
  region size 2048K, 12 young (24576K), 3 survivors (6144K)
 Metaspace       used 21162K, committed 21504K, reserved 1114112K
  class space    used 2450K, committed 2624K, reserved 1048576K
}
Event: 3.539 GC heap after
{Heap after GC invocations=3 (full 0):
 garbage-first heap   total 251904K, used 10876K [0x000000070a800000, 0x0000000800000000)
  region size 2048K, 4 young (8192K), 4 survivors (8192K)
 Metaspace       used 21162K, committed 21504K, reserved 1114112K
  class space    used 2450K, committed 2624K, reserved 1048576K
}
Event: 4.084 GC heap before
{Heap before GC invocations=4 (full 0):
 garbage-first heap   total 49152K, used 47740K [0x000000070a800000, 0x0000000800000000)
  region size 2048K, 22 young (45056K), 4 survivors (8192K)
 Metaspace       used 28779K, committed 29120K, reserved 1114112K
  class space    used 3530K, committed 3648K, reserved 1048576K
}
Event: 4.092 GC heap after
{Heap after GC invocations=5 (full 0):
 garbage-first heap   total 59392K, used 14269K [0x000000070a800000, 0x0000000800000000)
  region size 2048K, 5 young (10240K), 5 survivors (10240K)
 Metaspace       used 28779K, committed 29120K, reserved 1114112K
  class space    used 3530K, committed 3648K, reserved 1048576K
}
Event: 4.649 GC heap before
{Heap before GC invocations=5 (full 0):
 garbage-first heap   total 59392K, used 38845K [0x000000070a800000, 0x0000000800000000)
  region size 2048K, 17 young (34816K), 5 survivors (10240K)
 Metaspace       used 34307K, committed 34624K, reserved 1114112K
  class space    used 4106K, committed 4224K, reserved 1048576K
}
Event: 4.663 GC heap after
{Heap after GC invocations=6 (full 0):
 garbage-first heap   total 59392K, used 15626K [0x000000070a800000, 0x0000000800000000)
  region size 2048K, 1 young (2048K), 1 survivors (2048K)
 Metaspace       used 34307K, committed 34624K, reserved 1114112K
  class space    used 4106K, committed 4224K, reserved 1048576K
}
Event: 4.819 GC heap before
{Heap before GC invocations=6 (full 0):
 garbage-first heap   total 59392K, used 21770K [0x000000070a800000, 0x0000000800000000)
  region size 2048K, 5 young (10240K), 1 survivors (2048K)
 Metaspace       used 35703K, committed 35968K, reserved 1114112K
  class space    used 4249K, committed 4352K, reserved 1048576K
}
Event: 4.824 GC heap after
{Heap after GC invocations=7 (full 0):
 garbage-first heap   total 59392K, used 16241K [0x000000070a800000, 0x0000000800000000)
  region size 2048K, 2 young (4096K), 2 survivors (4096K)
 Metaspace       used 35703K, committed 35968K, reserved 1114112K
  class space    used 4249K, committed 4352K, reserved 1048576K
}
Event: 5.217 GC heap before
{Heap before GC invocations=8 (full 0):
 garbage-first heap   total 59392K, used 44913K [0x000000070a800000, 0x0000000800000000)
  region size 2048K, 17 young (34816K), 2 survivors (4096K)
 Metaspace       used 37809K, committed 38144K, reserved 1114112K
  class space    used 4470K, committed 4608K, reserved 1048576K
}
Event: 5.231 GC heap after
{Heap after GC invocations=9 (full 0):
 garbage-first heap   total 61440K, used 24889K [0x000000070a800000, 0x0000000800000000)
  region size 2048K, 3 young (6144K), 3 survivors (6144K)
 Metaspace       used 37809K, committed 38144K, reserved 1114112K
  class space    used 4470K, committed 4608K, reserved 1048576K
}
Event: 5.811 GC heap before
{Heap before GC invocations=9 (full 0):
 garbage-first heap   total 61440K, used 47417K [0x000000070a800000, 0x0000000800000000)
  region size 2048K, 14 young (28672K), 3 survivors (6144K)
 Metaspace       used 40563K, committed 40896K, reserved 1114112K
  class space    used 4757K, committed 4864K, reserved 1048576K
}

